<?xml version="1.0" encoding="UTF-8"?>
<testsuite xmlns:xsi="http://www.w3.org/2001/XMLSchema-instance" xsi:noNamespaceSchemaLocation="https://maven.apache.org/surefire/maven-surefire-plugin/xsd/surefire-test-report-3.0.xsd" version="3.0" name="e2e.FullFlowTest" time="20.636" tests="4" errors="0" skipped="0" failures="0">
  <properties>
[...]
</properties>
  <testcase name="testInvalidEndpoint" classname="e2e.FullFlowTest" time="0.026">
    <system-out><![CDATA[09:56:48.173 [main] INFO utils.ApiClient -- GET /invalid-endpoint
]]></system-out>
  </testcase>
  <testcase name="testResponseHeaders" classname="e2e.FullFlowTest" time="0.015">
    <system-out><![CDATA[09:56:48.204 [main] INFO utils.ApiClient -- GET /serviceA/hello
]]></system-out>
  </testcase>
  <testcase name="testNonExistentEndpoint" classname="e2e.FullFlowTest" time="0.014">
    <system-out><![CDATA[09:56:48.225 [main] INFO utils.ApiClient -- GET /serviceA/invalid
]]></system-out>
  </testcase>
  <testcase name="testLoadHandling" classname="e2e.FullFlowTest" time="20.082"/>
</testsuite>